1770719610624	geckodriver	INFO	Listening on 127.0.0.1:64690
1770719613852	mozrunner::runner	INFO	Running command: "C:\\Program Files\\Mozilla Firefox\\firefox.exe" "--marionette" "--remote-debugging-port" "64691" "--remote-allow-hosts" "localhost" "-no-remote" "-profile" "C:\\Users\\IB\\AppData\\Local\\Temp\\rust_mozprofilekunMsA"
console.warn: services.settings: Ignoring preference override of remote settings server
console.warn: services.settings: Allow by setting MOZ_REMOTE_SETTINGS_DEVTOOLS=1 in the environment
Dynamically enable window occlusion 0
1770719614114	Marionette	INFO	Marionette enabled
1770719614234	Marionette	INFO	Listening on port 64702
WebDriver BiDi listening on ws://127.0.0.1:64691
Read port: 64702
1770719614329	RemoteAgent	WARN	TLS certificate errors will be ignored for this session
JavaScript error: moz-src:///browser/components/search/SearchOneOffs.sys.mjs, line 392: TypeError: aEngine.getIconURL is not a function
JavaScript error: moz-src:///browser/components/search/SearchOneOffs.sys.mjs, line 392: TypeError: aEngine.getIconURL is not a function
JavaScript error: moz-src:///browser/components/search/SearchOneOffs.sys.mjs, line 392: TypeError: aEngine.getIconURL is not a function
JavaScript error: moz-src:///browser/components/search/SearchOneOffs.sys.mjs, line 392: TypeError: aEngine.getIconURL is not a function
JavaScript error: moz-src:///browser/components/search/SearchOneOffs.sys.mjs, line 392: TypeError: aEngine.getIconURL is not a function
JavaScript error: moz-src:///browser/components/search/SearchOneOffs.sys.mjs, line 392: TypeError: aEngine.getIconURL is not a function
JavaScript error: , line 0: NS_ERROR_NOT_AVAILABLE
1770729365111	Marionette	INFO	Stopped listening on port 64702
Dynamically enable window occlusion 1
console.warn: TopSitesFeed: Failed to fetch data from MARS server: NetworkError when attempting to fetch resource.
